#! /opt/homebrew/Cellar/icarus-verilog/12.0/bin/vvp
:ivl_version "12.0 (stable)";
:ivl_delay_selection "TYPICAL";
:vpi_time_precision - 12;
:vpi_module "/opt/homebrew/Cellar/icarus-verilog/12.0/lib/ivl/system.vpi";
:vpi_module "/opt/homebrew/Cellar/icarus-verilog/12.0/lib/ivl/vhdl_sys.vpi";
:vpi_module "/opt/homebrew/Cellar/icarus-verilog/12.0/lib/ivl/vhdl_textio.vpi";
:vpi_module "/opt/homebrew/Cellar/icarus-verilog/12.0/lib/ivl/v2005_math.vpi";
:vpi_module "/opt/homebrew/Cellar/icarus-verilog/12.0/lib/ivl/va_math.vpi";
S_0x1010ca180 .scope module, "Testbench" "Testbench" 2 4;
 .timescale -9 -12;
v0x994c4fac0_0 .var "clk", 0 0;
v0x994c4fb60_0 .var/i "cycles", 31 0;
v0x994c4fc00_0 .var/i "i", 31 0;
v0x994c4fca0_0 .var/i "outfile", 31 0;
v0x994c4fd40_0 .var "rst", 0 0;
E_0x994c71780 .event posedge, v0x994c4dc20_0;
S_0x1010ca300 .scope module, "CPU" "CPU" 2 12, 3 1 0, S_0x1010ca180;
 .timescale 0 0;
    .port_info 0 /INPUT 1 "clk_i";
    .port_info 1 /INPUT 1 "rst_i";
v0x994c4ef80_0 .net "ALUCtrl", 3 0, v0x994c4cdc0_0;  1 drivers
v0x994c4f020_0 .net "ALUOp", 1 0, L_0x99542d1f0;  1 drivers
v0x994c4f0c0_0 .net "ALUSrc", 0 0, v0x994c4d220_0;  1 drivers
v0x994c4f160_0 .net "RegWrite", 0 0, L_0x99542d180;  1 drivers
L_0x995054010 .functor BUFT 1, C4<0000000000000000000000000000000000000000000000000000000000000100>, C4<0>, C4<0>, C4<0>;
v0x994c4f200_0 .net/2u *"_ivl_8", 63 0, L_0x995054010;  1 drivers
v0x994c4f2a0_0 .net "alu_in2", 63 0, L_0x1010c7ed0;  1 drivers
v0x994c4f340_0 .net "alu_result", 63 0, v0x994c4cc80_0;  1 drivers
v0x994c4f3e0_0 .net "clk_i", 0 0, v0x994c4fac0_0;  1 drivers
v0x994c4f480_0 .net "imm_data", 63 0, L_0x995478320;  1 drivers
v0x994c4f520_0 .net "instr", 31 0, L_0x99542d0a0;  1 drivers
v0x994c4f5c0_0 .net "pc_i", 63 0, L_0x1010cafe0;  1 drivers
v0x994c4f660_0 .net "pc_o", 63 0, v0x994c4dd60_0;  1 drivers
v0x994c4f700_0 .net "rd_addr", 4 0, L_0x994c4ff20;  1 drivers
v0x994c4f7a0_0 .net "rs1_addr", 4 0, L_0x994c4fde0;  1 drivers
v0x994c4f840_0 .net "rs1_data", 63 0, L_0x995478000;  1 drivers
v0x994c4f8e0_0 .net "rs2_addr", 4 0, L_0x994c4fe80;  1 drivers
v0x994c4f980_0 .net "rs2_data", 63 0, L_0x9954781e0;  1 drivers
v0x994c4fa20_0 .net "rst_i", 0 0, v0x994c4fd40_0;  1 drivers
L_0x994c4fde0 .part L_0x99542d0a0, 15, 5;
L_0x994c4fe80 .part L_0x99542d0a0, 20, 5;
L_0x994c4ff20 .part L_0x99542d0a0, 7, 5;
L_0x1010c7ed0 .functor MUXZ 64, L_0x9954781e0, L_0x995478320, v0x994c4d220_0, C4<>;
L_0x1010cafe0 .arith/sum 64, v0x994c4dd60_0, L_0x995054010;
L_0x994c940a0 .part L_0x99542d0a0, 0, 7;
L_0x994c94280 .part L_0x99542d0a0, 25, 7;
L_0x994c94320 .part L_0x99542d0a0, 12, 3;
S_0x1010c2960 .scope module, "ALU" "ALU" 3 73, 4 1 0, S_0x1010ca300;
 .timescale 0 0;
    .port_info 0 /INPUT 64 "data1_i";
    .port_info 1 /INPUT 64 "data2_i";
    .port_info 2 /INPUT 4 "ALUCtrl_i";
    .port_info 3 /OUTPUT 64 "data_o";
P_0x995438000 .param/l "ALU_ADD" 1 4 9, C4<0000>;
P_0x995438040 .param/l "ALU_AND" 1 4 11, C4<0010>;
P_0x995438080 .param/l "ALU_OR" 1 4 12, C4<0011>;
P_0x9954380c0 .param/l "ALU_SLL" 1 4 14, C4<0101>;
P_0x995438100 .param/l "ALU_SRA" 1 4 16, C4<0111>;
P_0x995438140 .param/l "ALU_SRL" 1 4 15, C4<0110>;
P_0x995438180 .param/l "ALU_SUB" 1 4 10, C4<0001>;
P_0x9954381c0 .param/l "ALU_XOR" 1 4 13, C4<0100>;
v0x994c4c820_0 .net "ALUCtrl_i", 3 0, v0x994c4cdc0_0;  alias, 1 drivers
v0x994c4c8c0_0 .net "data1_i", 63 0, L_0x995478000;  alias, 1 drivers
v0x994c4cbe0_0 .net "data2_i", 63 0, L_0x1010c7ed0;  alias, 1 drivers
v0x994c4cc80_0 .var "data_o", 63 0;
v0x994c4cd20_0 .net "shamt", 5 0, L_0x994c943c0;  1 drivers
E_0x994c717c0 .event anyedge, v0x994c4c820_0, v0x994c4c8c0_0, v0x994c4cbe0_0, v0x994c4cd20_0;
L_0x994c943c0 .part L_0x1010c7ed0, 0, 6;
S_0x1010c2ae0 .scope module, "ALU_Control" "ALU_Control" 3 66, 5 1 0, S_0x1010ca300;
 .timescale 0 0;
    .port_info 0 /INPUT 7 "funct7_i";
    .port_info 1 /INPUT 3 "funct3_i";
    .port_info 2 /INPUT 2 "ALUOp_i";
    .port_info 3 /OUTPUT 4 "ALUCtrl_o";
P_0x995438200 .param/l "ALU_ADD" 1 5 9, C4<0000>;
P_0x995438240 .param/l "ALU_AND" 1 5 11, C4<0010>;
P_0x995438280 .param/l "ALU_OR" 1 5 12, C4<0011>;
P_0x9954382c0 .param/l "ALU_SLL" 1 5 14, C4<0101>;
P_0x995438300 .param/l "ALU_SRA" 1 5 16, C4<0111>;
P_0x995438340 .param/l "ALU_SRL" 1 5 15, C4<0110>;
P_0x995438380 .param/l "ALU_SUB" 1 5 10, C4<0001>;
P_0x9954383c0 .param/l "ALU_XOR" 1 5 13, C4<0100>;
v0x994c4cdc0_0 .var "ALUCtrl_o", 3 0;
v0x994c4ce60_0 .net "ALUOp_i", 1 0, L_0x99542d1f0;  alias, 1 drivers
v0x994c4cf00_0 .net "funct3_i", 2 0, L_0x994c94320;  1 drivers
v0x994c4cfa0_0 .net "funct7_i", 6 0, L_0x994c94280;  1 drivers
E_0x994c71800 .event anyedge, v0x994c4ce60_0, v0x994c4cfa0_0, v0x994c4cf00_0;
S_0x1010c1b90 .scope module, "Control" "Control" 3 54, 6 1 0, S_0x1010ca300;
 .timescale 0 0;
    .port_info 0 /INPUT 7 "op_i";
    .port_info 1 /OUTPUT 1 "ALUSrc_o";
    .port_info 2 /OUTPUT 1 "RegWrite_o";
    .port_info 3 /OUTPUT 2 "ALUOp_o";
L_0x99542d180 .functor BUFZ 1, v0x994c4d360_0, C4<0>, C4<0>, C4<0>;
L_0x99542d1f0 .functor BUFZ 2, v0x994c4d0e0_0, C4<00>, C4<00>, C4<00>;
v0x994c4d040_0 .net "ALUOp_o", 1 0, L_0x99542d1f0;  alias, 1 drivers
v0x994c4d0e0_0 .var "ALUOp_r", 1 0;
v0x994c4d180_0 .net "ALUSrc_o", 0 0, v0x994c4d220_0;  alias, 1 drivers
v0x994c4d220_0 .var "ALUSrc_r", 0 0;
v0x994c4d2c0_0 .net "RegWrite_o", 0 0, L_0x99542d180;  alias, 1 drivers
v0x994c4d360_0 .var "RegWrite_r", 0 0;
v0x994c4d400_0 .net "op_i", 6 0, L_0x994c940a0;  1 drivers
E_0x994c71840 .event anyedge, v0x994c4d400_0;
S_0x1010c1d10 .scope module, "Imm_Gen" "Imm_Gen" 3 61, 7 1 0, S_0x1010ca300;
 .timescale 0 0;
    .port_info 0 /INPUT 32 "instr_i";
    .port_info 1 /OUTPUT 64 "Imm_o";
v0x994c4d4a0_0 .net "Imm_o", 63 0, L_0x995478320;  alias, 1 drivers
v0x994c4d540_0 .net *"_ivl_1", 0 0, L_0x994c94140;  1 drivers
v0x994c4d5e0_0 .net *"_ivl_2", 51 0, L_0x995478280;  1 drivers
v0x994c4d680_0 .net *"_ivl_5", 11 0, L_0x994c941e0;  1 drivers
v0x994c4d720_0 .net "instr_i", 31 0, L_0x99542d0a0;  alias, 1 drivers
L_0x994c94140 .part L_0x99542d0a0, 31, 1;
LS_0x995478280_0_0 .concat [ 1 1 1 1], L_0x994c94140, L_0x994c94140, L_0x994c94140, L_0x994c94140;
LS_0x995478280_0_4 .concat [ 1 1 1 1], L_0x994c94140, L_0x994c94140, L_0x994c94140, L_0x994c94140;
LS_0x995478280_0_8 .concat [ 1 1 1 1], L_0x994c94140, L_0x994c94140, L_0x994c94140, L_0x994c94140;
LS_0x995478280_0_12 .concat [ 1 1 1 1], L_0x994c94140, L_0x994c94140, L_0x994c94140, L_0x994c94140;
LS_0x995478280_0_16 .concat [ 1 1 1 1], L_0x994c94140, L_0x994c94140, L_0x994c94140, L_0x994c94140;
LS_0x995478280_0_20 .concat [ 1 1 1 1], L_0x994c94140, L_0x994c94140, L_0x994c94140, L_0x994c94140;
LS_0x995478280_0_24 .concat [ 1 1 1 1], L_0x994c94140, L_0x994c94140, L_0x994c94140, L_0x994c94140;
LS_0x995478280_0_28 .concat [ 1 1 1 1], L_0x994c94140, L_0x994c94140, L_0x994c94140, L_0x994c94140;
LS_0x995478280_0_32 .concat [ 1 1 1 1], L_0x994c94140, L_0x994c94140, L_0x994c94140, L_0x994c94140;
LS_0x995478280_0_36 .concat [ 1 1 1 1], L_0x994c94140, L_0x994c94140, L_0x994c94140, L_0x994c94140;
LS_0x995478280_0_40 .concat [ 1 1 1 1], L_0x994c94140, L_0x994c94140, L_0x994c94140, L_0x994c94140;
LS_0x995478280_0_44 .concat [ 1 1 1 1], L_0x994c94140, L_0x994c94140, L_0x994c94140, L_0x994c94140;
LS_0x995478280_0_48 .concat [ 1 1 1 1], L_0x994c94140, L_0x994c94140, L_0x994c94140, L_0x994c94140;
LS_0x995478280_1_0 .concat [ 4 4 4 4], LS_0x995478280_0_0, LS_0x995478280_0_4, LS_0x995478280_0_8, LS_0x995478280_0_12;
LS_0x995478280_1_4 .concat [ 4 4 4 4], LS_0x995478280_0_16, LS_0x995478280_0_20, LS_0x995478280_0_24, LS_0x995478280_0_28;
LS_0x995478280_1_8 .concat [ 4 4 4 4], LS_0x995478280_0_32, LS_0x995478280_0_36, LS_0x995478280_0_40, LS_0x995478280_0_44;
LS_0x995478280_1_12 .concat [ 4 0 0 0], LS_0x995478280_0_48;
L_0x995478280 .concat [ 16 16 16 4], LS_0x995478280_1_0, LS_0x995478280_1_4, LS_0x995478280_1_8, LS_0x995478280_1_12;
L_0x994c941e0 .part L_0x99542d0a0, 20, 12;
L_0x995478320 .concat [ 12 52 0 0], L_0x994c941e0, L_0x995478280;
S_0x1010c1560 .scope module, "Instruction_Memory" "Instruction_Memory" 3 30, 8 1 0, S_0x1010ca300;
 .timescale 0 0;
    .port_info 0 /INPUT 64 "addr_i";
    .port_info 1 /OUTPUT 32 "instr_o";
L_0x99542d0a0 .functor BUFZ 32, L_0x1010cd860, C4<00000000000000000000000000000000>, C4<00000000000000000000000000000000>, C4<00000000000000000000000000000000>;
v0x994c4d7c0_0 .net *"_ivl_0", 31 0, L_0x1010cd860;  1 drivers
v0x994c4d860_0 .net *"_ivl_2", 63 0, L_0x1010cd900;  1 drivers
v0x994c4d900_0 .net *"_ivl_4", 61 0, L_0x994c94000;  1 drivers
L_0x995054058 .functor BUFT 1, C4<00>, C4<0>, C4<0>, C4<0>;
v0x994c4d9a0_0 .net *"_ivl_6", 1 0, L_0x995054058;  1 drivers
v0x994c4da40_0 .net "addr_i", 63 0, v0x994c4dd60_0;  alias, 1 drivers
v0x994c4dae0_0 .net "instr_o", 31 0, L_0x99542d0a0;  alias, 1 drivers
v0x994c4db80 .array "memory", 1024 0, 31 0;
L_0x1010cd860 .array/port v0x994c4db80, L_0x1010cd900;
L_0x994c94000 .part v0x994c4dd60_0, 2, 62;
L_0x1010cd900 .concat [ 62 2 0 0], L_0x994c94000, L_0x995054058;
S_0x1010c16e0 .scope module, "PC" "PC" 3 35, 9 1 0, S_0x1010ca300;
 .timescale 0 0;
    .port_info 0 /INPUT 1 "clk_i";
    .port_info 1 /INPUT 1 "rst_i";
    .port_info 2 /INPUT 64 "pc_i";
    .port_info 3 /OUTPUT 64 "pc_o";
v0x994c4dc20_0 .net "clk_i", 0 0, v0x994c4fac0_0;  alias, 1 drivers
v0x994c4dcc0_0 .net "pc_i", 63 0, L_0x1010cafe0;  alias, 1 drivers
v0x994c4dd60_0 .var "pc_o", 63 0;
v0x994c4de00_0 .net "rst_i", 0 0, v0x994c4fd40_0;  alias, 1 drivers
E_0x994c71880 .event posedge, v0x994c4de00_0, v0x994c4dc20_0;
S_0x1010c10d0 .scope module, "Registers" "Registers" 3 42, 10 1 0, S_0x1010ca300;
 .timescale 0 0;
    .port_info 0 /INPUT 1 "clk_i";
    .port_info 1 /INPUT 1 "rst_i";
    .port_info 2 /INPUT 5 "RS1addr_i";
    .port_info 3 /INPUT 5 "RS2addr_i";
    .port_info 4 /INPUT 5 "RDaddr_i";
    .port_info 5 /INPUT 64 "RDdata_i";
    .port_info 6 /INPUT 1 "RegWrite_i";
    .port_info 7 /OUTPUT 64 "RS1data_o";
    .port_info 8 /OUTPUT 64 "RS2data_o";
v0x994c4dea0_0 .net "RDaddr_i", 4 0, L_0x994c4ff20;  alias, 1 drivers
v0x994c4df40_0 .net "RDdata_i", 63 0, v0x994c4cc80_0;  alias, 1 drivers
v0x994c4dfe0_0 .net "RS1addr_i", 4 0, L_0x994c4fde0;  alias, 1 drivers
v0x994c4e080_0 .net "RS1data_o", 63 0, L_0x995478000;  alias, 1 drivers
v0x994c4e120_0 .net "RS2addr_i", 4 0, L_0x994c4fe80;  alias, 1 drivers
v0x994c4e1c0_0 .net "RS2data_o", 63 0, L_0x9954781e0;  alias, 1 drivers
v0x994c4e260_0 .net "RegWrite_i", 0 0, L_0x99542d180;  alias, 1 drivers
v0x994c4e300_0 .net *"_ivl_0", 31 0, L_0x1010c1250;  1 drivers
v0x994c4e3a0_0 .net *"_ivl_10", 63 0, L_0x994c980a0;  1 drivers
v0x994c4e440_0 .net *"_ivl_12", 6 0, L_0x1010c12f0;  1 drivers
L_0x995054178 .functor BUFT 1, C4<00>, C4<0>, C4<0>, C4<0>;
v0x994c4e4e0_0 .net *"_ivl_15", 1 0, L_0x995054178;  1 drivers
v0x994c4e580_0 .net *"_ivl_18", 31 0, L_0x9954780a0;  1 drivers
L_0x9950541c0 .functor BUFT 1, C4<000000000000000000000000000>, C4<0>, C4<0>, C4<0>;
v0x994c4e620_0 .net *"_ivl_21", 26 0, L_0x9950541c0;  1 drivers
L_0x995054208 .functor BUFT 1, C4<00000000000000000000000000000000>, C4<0>, C4<0>, C4<0>;
v0x994c4e6c0_0 .net/2u *"_ivl_22", 31 0, L_0x995054208;  1 drivers
v0x994c4e760_0 .net *"_ivl_24", 0 0, L_0x994c98140;  1 drivers
L_0x995054250 .functor BUFT 1, C4<0000000000000000000000000000000000000000000000000000000000000000>, C4<0>, C4<0>, C4<0>;
v0x994c4e800_0 .net/2u *"_ivl_26", 63 0, L_0x995054250;  1 drivers
v0x994c4e8a0_0 .net *"_ivl_28", 63 0, L_0x994c981e0;  1 drivers
L_0x9950540a0 .functor BUFT 1, C4<000000000000000000000000000>, C4<0>, C4<0>, C4<0>;
v0x994c4e940_0 .net *"_ivl_3", 26 0, L_0x9950540a0;  1 drivers
v0x994c4e9e0_0 .net *"_ivl_30", 6 0, L_0x995478140;  1 drivers
L_0x995054298 .functor BUFT 1, C4<00>, C4<0>, C4<0>, C4<0>;
v0x994c4ea80_0 .net *"_ivl_33", 1 0, L_0x995054298;  1 drivers
L_0x9950540e8 .functor BUFT 1, C4<00000000000000000000000000000000>, C4<0>, C4<0>, C4<0>;
v0x994c4eb20_0 .net/2u *"_ivl_4", 31 0, L_0x9950540e8;  1 drivers
v0x994c4ebc0_0 .net *"_ivl_6", 0 0, L_0x994c98000;  1 drivers
L_0x995054130 .functor BUFT 1, C4<0000000000000000000000000000000000000000000000000000000000000000>, C4<0>, C4<0>, C4<0>;
v0x994c4ec60_0 .net/2u *"_ivl_8", 63 0, L_0x995054130;  1 drivers
v0x994c4ed00_0 .net "clk_i", 0 0, v0x994c4fac0_0;  alias, 1 drivers
v0x994c4eda0_0 .var/i "i", 31 0;
v0x994c4ee40 .array/s "register", 31 0, 63 0;
v0x994c4eee0_0 .net "rst_i", 0 0, v0x994c4fd40_0;  alias, 1 drivers
L_0x1010c1250 .concat [ 5 27 0 0], L_0x994c4fde0, L_0x9950540a0;
L_0x994c98000 .cmp/eq 32, L_0x1010c1250, L_0x9950540e8;
L_0x994c980a0 .array/port v0x994c4ee40, L_0x1010c12f0;
L_0x1010c12f0 .concat [ 5 2 0 0], L_0x994c4fde0, L_0x995054178;
L_0x995478000 .functor MUXZ 64, L_0x994c980a0, L_0x995054130, L_0x994c98000, C4<>;
L_0x9954780a0 .concat [ 5 27 0 0], L_0x994c4fe80, L_0x9950541c0;
L_0x994c98140 .cmp/eq 32, L_0x9954780a0, L_0x995054208;
L_0x994c981e0 .array/port v0x994c4ee40, L_0x995478140;
L_0x995478140 .concat [ 5 2 0 0], L_0x994c4fe80, L_0x995054298;
L_0x9954781e0 .functor MUXZ 64, L_0x994c981e0, L_0x995054250, L_0x994c98140, C4<>;
    .scope S_0x1010c16e0;
T_0 ;
    %wait E_0x994c71880;
    %load/vec4 v0x994c4de00_0;
    %flag_set/vec4 8;
    %jmp/0xz  T_0.0, 8;
    %pushi/vec4 0, 0, 64;
    %assign/vec4 v0x994c4dd60_0, 0;
    %jmp T_0.1;
T_0.0 ;
    %load/vec4 v0x994c4dcc0_0;
    %assign/vec4 v0x994c4dd60_0, 0;
T_0.1 ;
    %jmp T_0;
    .thread T_0;
    .scope S_0x1010c10d0;
T_1 ;
    %wait E_0x994c71880;
    %load/vec4 v0x994c4eee0_0;
    %flag_set/vec4 8;
    %jmp/0xz  T_1.0, 8;
    %pushi/vec4 0, 0, 32;
    %store/vec4 v0x994c4eda0_0, 0, 32;
T_1.2 ;
    %load/vec4 v0x994c4eda0_0;
    %cmpi/s 32, 0, 32;
    %jmp/0xz T_1.3, 5;
    %pushi/vec4 0, 0, 64;
    %ix/getv/s 3, v0x994c4eda0_0;
    %ix/load 4, 0, 0; Constant delay
    %assign/vec4/a/d v0x994c4ee40, 0, 4;
    %load/vec4 v0x994c4eda0_0;
    %addi 1, 0, 32;
    %store/vec4 v0x994c4eda0_0, 0, 32;
    %jmp T_1.2;
T_1.3 ;
    %jmp T_1.1;
T_1.0 ;
    %pushi/vec4 0, 0, 64;
    %ix/load 3, 0, 0;
    %flag_set/imm 4, 0;
    %ix/load 4, 0, 0; Constant delay
    %assign/vec4/a/d v0x994c4ee40, 0, 4;
    %load/vec4 v0x994c4e260_0;
    %flag_set/vec4 9;
    %flag_get/vec4 9;
    %jmp/0 T_1.6, 9;
    %load/vec4 v0x994c4dea0_0;
    %pad/u 32;
    %pushi/vec4 0, 0, 32;
    %cmp/ne;
    %flag_get/vec4 4;
    %and;
T_1.6;
    %flag_set/vec4 8;
    %jmp/0xz  T_1.4, 8;
    %load/vec4 v0x994c4df40_0;
    %load/vec4 v0x994c4dea0_0;
    %pad/u 7;
    %ix/vec4 3;
    %ix/load 4, 0, 0; Constant delay
    %assign/vec4/a/d v0x994c4ee40, 0, 4;
T_1.4 ;
T_1.1 ;
    %jmp T_1;
    .thread T_1;
    .scope S_0x1010c1b90;
T_2 ;
    %wait E_0x994c71840;
    %pushi/vec4 0, 0, 1;
    %store/vec4 v0x994c4d220_0, 0, 1;
    %pushi/vec4 0, 0, 1;
    %store/vec4 v0x994c4d360_0, 0, 1;
    %pushi/vec4 0, 0, 2;
    %store/vec4 v0x994c4d0e0_0, 0, 2;
    %load/vec4 v0x994c4d400_0;
    %dup/vec4;
    %pushi/vec4 51, 0, 7;
    %cmp/u;
    %jmp/1 T_2.0, 6;
    %dup/vec4;
    %pushi/vec4 19, 0, 7;
    %cmp/u;
    %jmp/1 T_2.1, 6;
    %pushi/vec4 0, 0, 1;
    %store/vec4 v0x994c4d220_0, 0, 1;
    %pushi/vec4 0, 0, 1;
    %store/vec4 v0x994c4d360_0, 0, 1;
    %pushi/vec4 0, 0, 2;
    %store/vec4 v0x994c4d0e0_0, 0, 2;
    %jmp T_2.3;
T_2.0 ;
    %pushi/vec4 0, 0, 1;
    %store/vec4 v0x994c4d220_0, 0, 1;
    %pushi/vec4 1, 0, 1;
    %store/vec4 v0x994c4d360_0, 0, 1;
    %pushi/vec4 2, 0, 2;
    %store/vec4 v0x994c4d0e0_0, 0, 2;
    %jmp T_2.3;
T_2.1 ;
    %pushi/vec4 1, 0, 1;
    %store/vec4 v0x994c4d220_0, 0, 1;
    %pushi/vec4 1, 0, 1;
    %store/vec4 v0x994c4d360_0, 0, 1;
    %pushi/vec4 3, 0, 2;
    %store/vec4 v0x994c4d0e0_0, 0, 2;
    %jmp T_2.3;
T_2.3 ;
    %pop/vec4 1;
    %jmp T_2;
    .thread T_2, $push;
    .scope S_0x1010c2ae0;
T_3 ;
    %wait E_0x994c71800;
    %load/vec4 v0x994c4ce60_0;
    %dup/vec4;
    %pushi/vec4 2, 0, 2;
    %cmp/u;
    %jmp/1 T_3.0, 6;
    %dup/vec4;
    %pushi/vec4 3, 0, 2;
    %cmp/u;
    %jmp/1 T_3.1, 6;
    %pushi/vec4 0, 0, 4;
    %store/vec4 v0x994c4cdc0_0, 0, 4;
    %jmp T_3.3;
T_3.0 ;
    %load/vec4 v0x994c4cfa0_0;
    %load/vec4 v0x994c4cf00_0;
    %concat/vec4; draw_concat_vec4
    %dup/vec4;
    %pushi/vec4 0, 0, 10;
    %cmp/u;
    %jmp/1 T_3.4, 6;
    %dup/vec4;
    %pushi/vec4 256, 0, 10;
    %cmp/u;
    %jmp/1 T_3.5, 6;
    %dup/vec4;
    %pushi/vec4 4, 0, 10;
    %cmp/u;
    %jmp/1 T_3.6, 6;
    %dup/vec4;
    %pushi/vec4 6, 0, 10;
    %cmp/u;
    %jmp/1 T_3.7, 6;
    %dup/vec4;
    %pushi/vec4 7, 0, 10;
    %cmp/u;
    %jmp/1 T_3.8, 6;
    %dup/vec4;
    %pushi/vec4 1, 0, 10;
    %cmp/u;
    %jmp/1 T_3.9, 6;
    %dup/vec4;
    %pushi/vec4 5, 0, 10;
    %cmp/u;
    %jmp/1 T_3.10, 6;
    %dup/vec4;
    %pushi/vec4 261, 0, 10;
    %cmp/u;
    %jmp/1 T_3.11, 6;
    %pushi/vec4 0, 0, 4;
    %store/vec4 v0x994c4cdc0_0, 0, 4;
    %jmp T_3.13;
T_3.4 ;
    %pushi/vec4 0, 0, 4;
    %store/vec4 v0x994c4cdc0_0, 0, 4;
    %jmp T_3.13;
T_3.5 ;
    %pushi/vec4 1, 0, 4;
    %store/vec4 v0x994c4cdc0_0, 0, 4;
    %jmp T_3.13;
T_3.6 ;
    %pushi/vec4 4, 0, 4;
    %store/vec4 v0x994c4cdc0_0, 0, 4;
    %jmp T_3.13;
T_3.7 ;
    %pushi/vec4 3, 0, 4;
    %store/vec4 v0x994c4cdc0_0, 0, 4;
    %jmp T_3.13;
T_3.8 ;
    %pushi/vec4 2, 0, 4;
    %store/vec4 v0x994c4cdc0_0, 0, 4;
    %jmp T_3.13;
T_3.9 ;
    %pushi/vec4 5, 0, 4;
    %store/vec4 v0x994c4cdc0_0, 0, 4;
    %jmp T_3.13;
T_3.10 ;
    %pushi/vec4 6, 0, 4;
    %store/vec4 v0x994c4cdc0_0, 0, 4;
    %jmp T_3.13;
T_3.11 ;
    %pushi/vec4 7, 0, 4;
    %store/vec4 v0x994c4cdc0_0, 0, 4;
    %jmp T_3.13;
T_3.13 ;
    %pop/vec4 1;
    %jmp T_3.3;
T_3.1 ;
    %load/vec4 v0x994c4cf00_0;
    %dup/vec4;
    %pushi/vec4 0, 0, 3;
    %cmp/u;
    %jmp/1 T_3.14, 6;
    %dup/vec4;
    %pushi/vec4 4, 0, 3;
    %cmp/u;
    %jmp/1 T_3.15, 6;
    %dup/vec4;
    %pushi/vec4 6, 0, 3;
    %cmp/u;
    %jmp/1 T_3.16, 6;
    %dup/vec4;
    %pushi/vec4 7, 0, 3;
    %cmp/u;
    %jmp/1 T_3.17, 6;
    %dup/vec4;
    %pushi/vec4 1, 0, 3;
    %cmp/u;
    %jmp/1 T_3.18, 6;
    %dup/vec4;
    %pushi/vec4 5, 0, 3;
    %cmp/u;
    %jmp/1 T_3.19, 6;
    %pushi/vec4 0, 0, 4;
    %store/vec4 v0x994c4cdc0_0, 0, 4;
    %jmp T_3.21;
T_3.14 ;
    %pushi/vec4 0, 0, 4;
    %store/vec4 v0x994c4cdc0_0, 0, 4;
    %jmp T_3.21;
T_3.15 ;
    %pushi/vec4 4, 0, 4;
    %store/vec4 v0x994c4cdc0_0, 0, 4;
    %jmp T_3.21;
T_3.16 ;
    %pushi/vec4 3, 0, 4;
    %store/vec4 v0x994c4cdc0_0, 0, 4;
    %jmp T_3.21;
T_3.17 ;
    %pushi/vec4 2, 0, 4;
    %store/vec4 v0x994c4cdc0_0, 0, 4;
    %jmp T_3.21;
T_3.18 ;
    %pushi/vec4 5, 0, 4;
    %store/vec4 v0x994c4cdc0_0, 0, 4;
    %jmp T_3.21;
T_3.19 ;
    %load/vec4 v0x994c4cfa0_0;
    %parti/s 1, 5, 4;
    %flag_set/vec4 8;
    %jmp/0 T_3.22, 8;
    %pushi/vec4 7, 0, 4;
    %jmp/1 T_3.23, 8;
T_3.22 ; End of true expr.
    %pushi/vec4 6, 0, 4;
    %jmp/0 T_3.23, 8;
 ; End of false expr.
    %blend;
T_3.23;
    %store/vec4 v0x994c4cdc0_0, 0, 4;
    %jmp T_3.21;
T_3.21 ;
    %pop/vec4 1;
    %jmp T_3.3;
T_3.3 ;
    %pop/vec4 1;
    %jmp T_3;
    .thread T_3, $push;
    .scope S_0x1010c2960;
T_4 ;
    %wait E_0x994c717c0;
    %load/vec4 v0x994c4c820_0;
    %dup/vec4;
    %pushi/vec4 0, 0, 4;
    %cmp/u;
    %jmp/1 T_4.0, 6;
    %dup/vec4;
    %pushi/vec4 1, 0, 4;
    %cmp/u;
    %jmp/1 T_4.1, 6;
    %dup/vec4;
    %pushi/vec4 2, 0, 4;
    %cmp/u;
    %jmp/1 T_4.2, 6;
    %dup/vec4;
    %pushi/vec4 3, 0, 4;
    %cmp/u;
    %jmp/1 T_4.3, 6;
    %dup/vec4;
    %pushi/vec4 4, 0, 4;
    %cmp/u;
    %jmp/1 T_4.4, 6;
    %dup/vec4;
    %pushi/vec4 5, 0, 4;
    %cmp/u;
    %jmp/1 T_4.5, 6;
    %dup/vec4;
    %pushi/vec4 6, 0, 4;
    %cmp/u;
    %jmp/1 T_4.6, 6;
    %dup/vec4;
    %pushi/vec4 7, 0, 4;
    %cmp/u;
    %jmp/1 T_4.7, 6;
    %pushi/vec4 0, 0, 64;
    %store/vec4 v0x994c4cc80_0, 0, 64;
    %jmp T_4.9;
T_4.0 ;
    %load/vec4 v0x994c4c8c0_0;
    %load/vec4 v0x994c4cbe0_0;
    %add;
    %store/vec4 v0x994c4cc80_0, 0, 64;
    %jmp T_4.9;
T_4.1 ;
    %load/vec4 v0x994c4c8c0_0;
    %load/vec4 v0x994c4cbe0_0;
    %sub;
    %store/vec4 v0x994c4cc80_0, 0, 64;
    %jmp T_4.9;
T_4.2 ;
    %load/vec4 v0x994c4c8c0_0;
    %load/vec4 v0x994c4cbe0_0;
    %and;
    %store/vec4 v0x994c4cc80_0, 0, 64;
    %jmp T_4.9;
T_4.3 ;
    %load/vec4 v0x994c4c8c0_0;
    %load/vec4 v0x994c4cbe0_0;
    %or;
    %store/vec4 v0x994c4cc80_0, 0, 64;
    %jmp T_4.9;
T_4.4 ;
    %load/vec4 v0x994c4c8c0_0;
    %load/vec4 v0x994c4cbe0_0;
    %xor;
    %store/vec4 v0x994c4cc80_0, 0, 64;
    %jmp T_4.9;
T_4.5 ;
    %load/vec4 v0x994c4c8c0_0;
    %ix/getv 4, v0x994c4cd20_0;
    %shiftl 4;
    %store/vec4 v0x994c4cc80_0, 0, 64;
    %jmp T_4.9;
T_4.6 ;
    %load/vec4 v0x994c4c8c0_0;
    %ix/getv 4, v0x994c4cd20_0;
    %shiftr 4;
    %store/vec4 v0x994c4cc80_0, 0, 64;
    %jmp T_4.9;
T_4.7 ;
    %load/vec4 v0x994c4c8c0_0;
    %ix/getv 4, v0x994c4cd20_0;
    %shiftr/s 4;
    %store/vec4 v0x994c4cc80_0, 0, 64;
    %jmp T_4.9;
T_4.9 ;
    %pop/vec4 1;
    %jmp T_4;
    .thread T_4, $push;
    .scope S_0x1010ca180;
T_5 ;
    %pushi/vec4 0, 0, 32;
    %store/vec4 v0x994c4fb60_0, 0, 32;
    %pushi/vec4 0, 0, 1;
    %store/vec4 v0x994c4fac0_0, 0, 1;
    %pushi/vec4 1, 0, 1;
    %store/vec4 v0x994c4fd40_0, 0, 1;
    %end;
    .thread T_5;
    .scope S_0x1010ca180;
T_6 ;
    %delay 25000, 0;
    %load/vec4 v0x994c4fac0_0;
    %inv;
    %store/vec4 v0x994c4fac0_0, 0, 1;
    %jmp T_6;
    .thread T_6;
    .scope S_0x1010ca180;
T_7 ;
    %vpi_func 2 20 "$fopen" 32, "output.txt" {0 0 0};
    %pushi/vec4 1, 0, 32;
    %or;
    %store/vec4 v0x994c4fca0_0, 0, 32;
    %pushi/vec4 0, 0, 32;
    %store/vec4 v0x994c4fc00_0, 0, 32;
T_7.0 ;
    %load/vec4 v0x994c4fc00_0;
    %cmpi/s 1024, 0, 32;
    %jmp/0xz T_7.1, 5;
    %pushi/vec4 19, 0, 32;
    %ix/getv/s 4, v0x994c4fc00_0;
    %store/vec4a v0x994c4db80, 4, 0;
    %load/vec4 v0x994c4fc00_0;
    %addi 1, 0, 32;
    %store/vec4 v0x994c4fc00_0, 0, 32;
    %jmp T_7.0;
T_7.1 ;
    %vpi_call 2 27 "$readmemb", "instruction.txt", v0x994c4db80 {0 0 0};
    %delay 12000, 0;
    %pushi/vec4 0, 0, 1;
    %store/vec4 v0x994c4fd40_0, 0, 1;
    %end;
    .thread T_7;
    .scope S_0x1010ca180;
T_8 ;
    %wait E_0x994c71780;
    %load/vec4 v0x994c4fb60_0;
    %cmpi/e 30, 0, 32;
    %jmp/0xz  T_8.0, 4;
    %vpi_call 2 35 "$finish" {0 0 0};
T_8.0 ;
    %load/vec4 v0x994c4fb60_0;
    %addi 1, 0, 32;
    %store/vec4 v0x994c4fb60_0, 0, 32;
    %vpi_call 2 39 "$fdisplay", v0x994c4fca0_0, "PC  = %d", v0x994c4dd60_0 {0 0 0};
    %vpi_call 2 40 "$fdisplay", v0x994c4fca0_0, "x0  = %d, x1  = %d", &A<v0x994c4ee40, 0>, &A<v0x994c4ee40, 1> {0 0 0};
    %vpi_call 2 41 "$fdisplay", v0x994c4fca0_0, "x2  = %d, x3  = %d", &A<v0x994c4ee40, 2>, &A<v0x994c4ee40, 3> {0 0 0};
    %vpi_call 2 42 "$fdisplay", v0x994c4fca0_0, "x4  = %d, x5  = %d", &A<v0x994c4ee40, 4>, &A<v0x994c4ee40, 5> {0 0 0};
    %vpi_call 2 43 "$fdisplay", v0x994c4fca0_0, "x6  = %d, x7  = %d", &A<v0x994c4ee40, 6>, &A<v0x994c4ee40, 7> {0 0 0};
    %vpi_call 2 44 "$fdisplay", v0x994c4fca0_0, "x8  = %d, x9  = %d", &A<v0x994c4ee40, 8>, &A<v0x994c4ee40, 9> {0 0 0};
    %vpi_call 2 45 "$fdisplay", v0x994c4fca0_0, "x10 = %d, x11 = %d", &A<v0x994c4ee40, 10>, &A<v0x994c4ee40, 11> {0 0 0};
    %vpi_call 2 46 "$fdisplay", v0x994c4fca0_0, "x12 = %d, x13 = %d", &A<v0x994c4ee40, 12>, &A<v0x994c4ee40, 13> {0 0 0};
    %vpi_call 2 47 "$fdisplay", v0x994c4fca0_0, "x14 = %d, x15 = %d", &A<v0x994c4ee40, 14>, &A<v0x994c4ee40, 15> {0 0 0};
    %vpi_call 2 48 "$fdisplay", v0x994c4fca0_0, "x16 = %d, x17 = %d", &A<v0x994c4ee40, 16>, &A<v0x994c4ee40, 17> {0 0 0};
    %vpi_call 2 49 "$fdisplay", v0x994c4fca0_0, "x18 = %d, x19 = %d", &A<v0x994c4ee40, 18>, &A<v0x994c4ee40, 19> {0 0 0};
    %vpi_call 2 50 "$fdisplay", v0x994c4fca0_0, "x20 = %d, x21 = %d", &A<v0x994c4ee40, 20>, &A<v0x994c4ee40, 21> {0 0 0};
    %vpi_call 2 51 "$fdisplay", v0x994c4fca0_0, "x22 = %d, x23 = %d", &A<v0x994c4ee40, 22>, &A<v0x994c4ee40, 23> {0 0 0};
    %vpi_call 2 52 "$fdisplay", v0x994c4fca0_0, "x24 = %d, x25 = %d", &A<v0x994c4ee40, 24>, &A<v0x994c4ee40, 25> {0 0 0};
    %vpi_call 2 53 "$fdisplay", v0x994c4fca0_0, "x26 = %d, x27 = %d", &A<v0x994c4ee40, 26>, &A<v0x994c4ee40, 27> {0 0 0};
    %vpi_call 2 54 "$fdisplay", v0x994c4fca0_0, "x28 = %d, x29 = %d", &A<v0x994c4ee40, 28>, &A<v0x994c4ee40, 29> {0 0 0};
    %vpi_call 2 55 "$fdisplay", v0x994c4fca0_0, "x30 = %d, x31 = %d", &A<v0x994c4ee40, 30>, &A<v0x994c4ee40, 31> {0 0 0};
    %vpi_call 2 56 "$fdisplay", v0x994c4fca0_0, "\012" {0 0 0};
    %jmp T_8;
    .thread T_8;
# The file index is used to find the file name in the following table.
:file_names 11;
    "N/A";
    "<interactive>";
    "Testbench.v";
    "CPU.v";
    "ALU.v";
    "ALU_Control.v";
    "Control.v";
    "Imm_Gen.v";
    "Instruction_Memory.v";
    "PC.v";
    "Registers.v";
